<?xml version="1.0" encoding="UTF-8"?>
<testsuite xmlns:xsi="http://www.w3.org/2001/XMLSchema-instance" xsi:noNamespaceSchemaLocation="https://maven.apache.org/surefire/maven-surefire-plugin/xsd/surefire-test-report-3.0.xsd" version="3.0" name="com.jensen.BookTest" time="1.617" tests="10" errors="0" skipped="0" failures="0">
  <properties>
[...]
</properties>
  <testcase name="testGetPages" classname="com.jensen.BookTest" time="0.564">
    <system-out><![CDATA[Testing the book class
]]></system-out>
  </testcase>
  <testcase name="testGetTitle" classname="com.jensen.BookTest" time="0.04"/>
  <testcase name="testSetTitleLengthToZero" classname="com.jensen.BookTest" time="0.023"/>
  <testcase name="testSetPagesToZero" classname="com.jensen.BookTest" time="0.059"/>
  <testcase name="testIfPagesAreLessThanZero" classname="com.jensen.BookTest" time="0.112"/>
  <testcase name="testSetAuthor" classname="com.jensen.BookTest" time="0.081"/>
  <testcase name="testSetTitleIsNull" classname="com.jensen.BookTest" time="0.035"/>
  <testcase name="testGetAuthor" classname="com.jensen.BookTest" time="0.027"/>
  <testcase name="testToVerifyMessageCaughtInExceptionSetPages" classname="com.jensen.BookTest" time="0.03"/>
  <testcase name="testSetTitle" classname="com.jensen.BookTest" time="0.041"/>
</testsuite>